WRN 2026-05-01T18:15:44.571 ?.75214    server_start:197: Failed to start server: operation not permitted: /var/folders/n_/q142d9sd7db8l4l0y87q6ssm0000gp/T/nvim.ross/rfEs9e/nvim.75214.0
WRN 2026-05-01T18:16:30.623 ?.75295    server_start:197: Failed to start server: operation not permitted: /var/folders/n_/q142d9sd7db8l4l0y87q6ssm0000gp/T/nvim.ross/UVUY5f/nvim.75295.0
WRN 2026-05-01T18:18:50.237 ?.75717    server_start:197: Failed to start server: operation not permitted: /var/folders/n_/q142d9sd7db8l4l0y87q6ssm0000gp/T/nvim.ross/k3bfzy/nvim.75717.0
WRN 2026-05-01T18:18:53.316 ?.75719    server_start:197: Failed to start server: operation not permitted: /var/folders/n_/q142d9sd7db8l4l0y87q6ssm0000gp/T/nvim.ross/nRiALi/nvim.75719.0
WRN 2026-05-01T18:18:57.633 ?.76193    server_start:197: Failed to start server: operation not permitted: /var/folders/n_/q142d9sd7db8l4l0y87q6ssm0000gp/T/nvim.ross/qWQ337/nvim.76193.0
WRN 2026-05-05T16:30:53.936 ?.2169     server_start:197: Failed to start server: operation not permitted: /var/folders/n_/q142d9sd7db8l4l0y87q6ssm0000gp/T/nvim.ross/bymGTD/nvim.2169.0
WRN 2026-05-05T16:30:53.936 ?.2168     server_start:197: Failed to start server: operation not permitted: /var/folders/n_/q142d9sd7db8l4l0y87q6ssm0000gp/T/nvim.ross/FSWNqy/nvim.2168.0
WRN 2026-05-05T16:31:03.798 ?.2202     server_start:197: Failed to start server: operation not permitted: /var/folders/n_/q142d9sd7db8l4l0y87q6ssm0000gp/T/nvim.ross/30NPav/nvim.2202.0
WRN 2026-05-05T16:31:03.798 ?.2203     server_start:197: Failed to start server: operation not permitted: /var/folders/n_/q142d9sd7db8l4l0y87q6ssm0000gp/T/nvim.ross/C3nQ70/nvim.2203.0
WRN 2026-05-05T16:31:11.305 ?.2254     server_start:197: Failed to start server: operation not permitted: /var/folders/n_/q142d9sd7db8l4l0y87q6ssm0000gp/T/nvim.ross/UaS48N/nvim.2254.0
WRN 2026-05-05T16:31:20.463 ?.2284     server_start:197: Failed to start server: operation not permitted: /var/folders/n_/q142d9sd7db8l4l0y87q6ssm0000gp/T/nvim.ross/XFgIj3/nvim.2284.0
WRN 2026-05-05T16:31:56.168 ?.2412     server_start:197: Failed to start server: operation not permitted: /var/folders/n_/q142d9sd7db8l4l0y87q6ssm0000gp/T/nvim.ross/MfiuP6/nvim.2412.0
WRN 2026-05-05T16:31:56.168 ?.2411     server_start:197: Failed to start server: operation not permitted: /var/folders/n_/q142d9sd7db8l4l0y87q6ssm0000gp/T/nvim.ross/0uPsJo/nvim.2411.0
WRN 2026-05-05T16:32:03.680 ?.2438     server_start:197: Failed to start server: operation not permitted: /var/folders/n_/q142d9sd7db8l4l0y87q6ssm0000gp/T/nvim.ross/DnMjM7/nvim.2438.0
WRN 2026-05-05T16:32:22.540 ?.2556     server_start:197: Failed to start server: operation not permitted: /var/folders/n_/q142d9sd7db8l4l0y87q6ssm0000gp/T/nvim.ross/BwJHtq/nvim.2556.0
WRN 2026-05-05T16:32:33.131 ?.2651     server_start:197: Failed to start server: operation not permitted: /var/folders/n_/q142d9sd7db8l4l0y87q6ssm0000gp/T/nvim.ross/MwrIEX/nvim.2651.0
WRN 2026-05-05T16:32:50.187 ?.2779     server_start:197: Failed to start server: operation not permitted: /var/folders/n_/q142d9sd7db8l4l0y87q6ssm0000gp/T/nvim.ross/PRhmkQ/nvim.2779.0
WRN 2026-05-05T16:33:02.881 ?.2810     server_start:197: Failed to start server: operation not permitted: /var/folders/n_/q142d9sd7db8l4l0y87q6ssm0000gp/T/nvim.ross/CLf00K/nvim.2810.0
WRN 2026-05-05T16:33:02.881 ?.2811     server_start:197: Failed to start server: operation not permitted: /var/folders/n_/q142d9sd7db8l4l0y87q6ssm0000gp/T/nvim.ross/tmCceC/nvim.2811.0
WRN 2026-05-05T16:33:12.646 ?.2835     server_start:197: Failed to start server: operation not permitted: /var/folders/n_/q142d9sd7db8l4l0y87q6ssm0000gp/T/nvim.ross/gpVLfe/nvim.2835.0
WRN 2026-05-05T16:34:27.338 ?.3017     server_start:197: Failed to start server: operation not permitted: /var/folders/n_/q142d9sd7db8l4l0y87q6ssm0000gp/T/nvim.ross/u8KAg4/nvim.3017.0
WRN 2026-05-05T16:35:07.012 ?.3144     server_start:197: Failed to start server: operation not permitted: /var/folders/n_/q142d9sd7db8l4l0y87q6ssm0000gp/T/nvim.ross/a7wDvH/nvim.3144.0
WRN 2026-05-05T16:35:34.454 ?.3221     server_start:197: Failed to start server: operation not permitted: /var/folders/n_/q142d9sd7db8l4l0y87q6ssm0000gp/T/nvim.ross/33hJXv/nvim.3221.0
WRN 2026-05-05T16:35:34.454 ?.3220     server_start:197: Failed to start server: operation not permitted: /var/folders/n_/q142d9sd7db8l4l0y87q6ssm0000gp/T/nvim.ross/9s4uOa/nvim.3220.0
WRN 2026-05-06T08:49:11.291 ?.43785    server_start:197: Failed to start server: operation not permitted: /var/folders/n_/q142d9sd7db8l4l0y87q6ssm0000gp/T/nvim.ross/0DWtwf/nvim.43785.0
WRN 2026-05-06T08:49:29.951 ?.43837    server_start:197: Failed to start server: operation not permitted: /var/folders/n_/q142d9sd7db8l4l0y87q6ssm0000gp/T/nvim.ross/ZYUPCy/nvim.43837.0
WRN 2026-05-06T08:49:36.486 ?.43852    server_start:197: Failed to start server: operation not permitted: /var/folders/n_/q142d9sd7db8l4l0y87q6ssm0000gp/T/nvim.ross/3jKhpv/nvim.43852.0
WRN 2026-05-06T08:53:21.735 ?.44350    server_start:197: Failed to start server: operation not permitted: /var/folders/n_/q142d9sd7db8l4l0y87q6ssm0000gp/T/nvim.ross/ihctBi/nvim.44350.0
